Sun Mar  9 03:10:58 2025 - admin: Logged out
Sun Mar  9 03:18:29 2025 - admin: Accessed Firewall Management
Sun Mar  9 03:24:50 2025 - admin: Accessed Firewall Management
Sun Mar  9 03:24:58 2025 - admin: Changed Password
Sun Mar  9 03:25:02 2025 - admin: Changed Password
Sun Mar  9 03:25:14 2025 - admin: Logged out
Sun Mar  9 03:25:29 2025 - admin: Logged out
Sun Mar  9 03:28:34 2025 - admin: Accessed Firewall Management
Sun Mar  9 03:28:36 2025 - admin: Accessed Intrusion Detection
Sun Mar  9 03:33:49 2025 - admin: Logged out
Sun Mar  9 03:46:38 2025 - admin: Accessed Firewall Management
Sun Mar  9 03:46:41 2025 - admin: Accessed Intrusion Detection
Sun Mar  9 03:46:43 2025 - admin: Accessed Real-Time Logs
Sun Mar  9 03:48:45 2025 - admin: Logged out
Sun Mar  9 03:49:03 2025 - admin: Logged out
Sun Mar  9 03:53:14 2025 - admin: Logged out
Sun Mar  9 04:02:49 2025 - admin: Logged out
Sun Mar  9 04:03:29 2025 - admin: Accessed Intrusion Detection
Sun Mar  9 04:03:31 2025 - admin: Accessed Firewall Management
Sun Mar  9 04:03:33 2025 - admin: Accessed Real-Time Logs
Sun Mar  9 04:03:34 2025 - admin: Changed Password
Sun Mar  9 04:04:55 2025 - None: Accessed Real-Time Logs
Sun Mar  9 04:05:23 2025 - admin: Logged out
Sun Mar  9 04:40:17 2025 - admin: Logged out
Sun Mar  9 04:40:36 2025 - admin: Accessed Real-Time Logs
Sun Mar  9 04:40:39 2025 - admin: Accessed Intrusion Detection
Sun Mar  9 04:52:29 2025 - admin: Accessed Firewall Management
Sun Mar  9 04:52:31 2025 - admin: Accessed Intrusion Detection
Sun Mar  9 04:52:32 2025 - admin: Accessed Real-Time Logs
Sun Mar  9 04:52:34 2025 - admin: Changed Password
Sun Mar  9 04:55:05 2025 - admin: Accessed Firewall Management
Sun Mar  9 04:55:09 2025 - admin: Accessed Real-Time Logs
Sun Mar  9 04:55:11 2025 - admin: Logged out
